TN:
SF:config\database-extended.js
FN:12,createExtendedTables
FN:186,initializeSchemaDocumentation
FN:307,initializeAIFunctions
FNF:3
FNH:0
FNDA:0,createExtendedTables
FNDA:0,initializeSchemaDocumentation
FNDA:0,initializeAIFunctions
DA:6,0
DA:7,0
DA:13,0
DA:15,0
DA:171,0
DA:172,0
DA:173,0
DA:175,0
DA:180,0
DA:187,0
DA:189,0
DA:288,0
DA:289,0
DA:301,0
DA:308,0
DA:310,0
DA:377,0
DA:378,0
DA:390,0
DA:393,0
LF:20
LH:0
BRDA:298,0,0,0
BRDA:298,0,1,0
BRDA:387,1,0,0
BRDA:387,1,1,0
BRF:4
BRH:0
end_of_record
TN:
SF:config\database.js
FN:21,connectMongoDB
FN:44,(anonymous_1)
FN:48,(anonymous_2)
FN:52,(anonymous_3)
FN:73,connectMySQL
FN:109,initializeDatabase
FN:122,initializeMySQLTables
FN:329,createDefaultAdmin
FN:371,closeDatabases
FN:389,(anonymous_9)
FN:390,(anonymous_10)
FNF:11
FNH:1
FNDA:0,connectMongoDB
FNDA:0,(anonymous_1)
FNDA:0,(anonymous_2)
FNDA:0,(anonymous_3)
FNDA:0,connectMySQL
FNDA:0,initializeDatabase
FNDA:0,initializeMySQLTables
FNDA:0,createDefaultAdmin
FNDA:0,closeDatabases
FNDA:5,(anonymous_9)
FNDA:0,(anonymous_10)
DA:10,4
DA:11,4
DA:12,4
DA:15,4
DA:22,0
DA:23,0
DA:28,0
DA:29,0
DA:30,0
DA:31,0
DA:34,0
DA:42,0
DA:44,0
DA:45,0
DA:48,0
DA:49,0
DA:52,0
DA:53,0
DA:56,0
DA:57,0
DA:59,0
DA:60,0
DA:62,0
DA:67,4
DA:74,0
DA:75,0
DA:92,0
DA:95,0
DA:96,0
DA:97,0
DA:99,0
DA:101,0
DA:102,0
DA:110,0
DA:111,0
DA:112,0
DA:114,0
DA:115,0
DA:123,0
DA:318,0
DA:319,0
DA:323,0
DA:330,0
DA:331,0
DA:333,0
DA:334,0
DA:335,0
DA:338,0
DA:339,0
DA:341,0
DA:342,0
DA:343,0
DA:344,0
DA:345,0
DA:346,0
DA:348,0
DA:361,0
DA:364,0
DA:372,0
DA:373,0
DA:374,0
DA:376,0
DA:377,0
DA:379,0
DA:381,0
DA:385,4
DA:389,5
DA:390,0
LF:68
LH:7
BRDA:23,0,0,0
BRDA:23,0,1,0
BRDA:28,1,0,0
BRDA:28,1,1,0
BRDA:28,2,0,0
BRDA:28,2,1,0
BRDA:80,3,0,0
BRDA:80,3,1,0
BRDA:333,4,0,0
BRDA:333,4,1,0
BRDA:338,5,0,0
BRDA:338,5,1,0
BRDA:373,6,0,0
BRDA:373,6,1,0
BRDA:376,7,0,0
BRDA:376,7,1,0
BRF:16
BRH:0
end_of_record
TN:
SF:config\logger.js
FN:29,(anonymous_0)
FN:48,(anonymous_1)
FN:64,initializeLogger
FN:140,logUserActivity
FN:181,logSecurityEvent
FN:212,logAPIRequest
FN:237,logDatabaseOperation
FN:254,logFileOperation
FN:269,logSystemEvent
FNF:9
FNH:0
FNDA:0,(anonymous_0)
FNDA:0,(anonymous_1)
FNDA:0,initializeLogger
FNDA:0,logUserActivity
FNDA:0,logSecurityEvent
FNDA:0,logAPIRequest
FNDA:0,logDatabaseOperation
FNDA:0,logFileOperation
FNDA:0,logSystemEvent
DA:12,0
DA:13,0
DA:14,0
DA:17,0
DA:18,0
DA:19,0
DA:23,0
DA:30,0
DA:32,0
DA:33,0
DA:36,0
DA:37,0
DA:40,0
DA:45,0
DA:49,0
DA:51,0
DA:52,0
DA:55,0
DA:65,0
DA:100,0
DA:125,0
DA:127,0
DA:141,0
DA:142,0
DA:143,0
DA:145,0
DA:146,0
DA:162,0
DA:171,0
DA:182,0
DA:189,0
DA:191,0
DA:192,0
DA:194,0
DA:195,0
DA:197,0
DA:198,0
DA:201,0
DA:202,0
DA:213,0
DA:223,0
DA:224,0
DA:226,0
DA:238,0
DA:255,0
DA:270,0
DA:277,0
LF:47
LH:0
BRDA:17,0,0,0
BRDA:17,0,1,0
BRDA:18,1,0,0
BRDA:18,1,1,0
BRDA:32,2,0,0
BRDA:32,2,1,0
BRDA:36,3,0,0
BRDA:36,3,1,0
BRDA:51,4,0,0
BRDA:51,4,1,0
BRDA:68,5,0,0
BRDA:68,5,1,0
BRDA:69,6,0,0
BRDA:69,6,1,0
BRDA:101,7,0,0
BRDA:101,7,1,0
BRDA:140,8,0,0
BRDA:140,9,0,0
BRDA:140,10,0,0
BRDA:140,11,0,0
BRDA:140,12,0,0
BRDA:145,13,0,0
BRDA:145,13,1,0
BRDA:181,14,0,0
BRDA:181,15,0,0
BRDA:189,16,0,0
BRDA:189,16,1,0
BRDA:189,16,2,0
BRDA:189,16,3,0
BRDA:189,16,4,0
BRDA:220,17,0,0
BRDA:220,17,1,0
BRDA:223,18,0,0
BRDA:223,18,1,0
BRDA:237,19,0,0
BRDA:237,20,0,0
BRDA:254,21,0,0
BRDA:269,22,0,0
BRDA:279,23,0,0
BRDA:279,23,1,0
BRF:40
BRH:0
end_of_record
TN:
SF:middleware\auth.js
FN:19,authenticateToken
FN:130,requireRole
FN:131,(anonymous_2)
FN:167,requirePermission
FN:168,(anonymous_4)
FN:210,requireResourceAccess
FN:211,(anonymous_6)
FN:304,optionalAuth
FNF:8
FNH:7
FNDA:7,authenticateToken
FNDA:3,requireRole
FNDA:3,(anonymous_2)
FNDA:3,requirePermission
FNDA:3,(anonymous_4)
FNDA:8,requireResourceAccess
FNDA:8,(anonymous_6)
FNDA:0,optionalAuth
DA:9,1
DA:10,1
DA:11,1
DA:20,7
DA:21,7
DA:22,7
DA:24,7
DA:25,1
DA:31,1
DA:38,6
DA:41,4
DA:42,4
DA:47,4
DA:48,1
DA:54,1
DA:60,3
DA:63,3
DA:64,1
DA:70,1
DA:77,2
DA:82,2
DA:85,2
DA:90,2
DA:92,2
DA:93,1
DA:99,1
DA:105,1
DA:106,1
DA:111,1
DA:117,0
DA:118,0
DA:131,3
DA:132,3
DA:133,1
DA:139,2
DA:141,2
DA:142,1
DA:152,1
DA:158,1
DA:168,3
DA:169,3
DA:170,0
DA:177,3
DA:178,1
DA:181,2
DA:183,2
DA:184,1
DA:194,1
DA:200,1
DA:211,8
DA:212,8
DA:213,8
DA:214,0
DA:221,8
DA:222,1
DA:225,7
DA:226,7
DA:227,1
DA:233,6
DA:234,6
DA:237,6
DA:241,4
DA:242,1
DA:245,3
DA:249,2
DA:251,3
DA:255,1
DA:256,0
DA:258,1
DA:265,1
DA:267,1
DA:270,1
DA:273,5
DA:274,1
DA:284,1
DA:290,4
DA:292,1
DA:293,1
DA:305,0
DA:306,0
DA:307,0
DA:309,0
DA:310,0
DA:311,0
DA:312,0
DA:313,0
DA:318,0
DA:319,0
DA:320,0
DA:323,0
DA:327,0
DA:331,0
DA:333,0
DA:334,0
DA:338,1
LF:95
LH:74
BRDA:22,0,0,7
BRDA:22,0,1,6
BRDA:24,1,0,1
BRDA:24,1,1,6
BRDA:47,2,0,1
BRDA:47,2,1,3
BRDA:63,3,0,1
BRDA:63,3,1,2
BRDA:77,4,0,0
BRDA:77,4,1,2
BRDA:79,5,0,2
BRDA:79,5,1,0
BRDA:92,6,0,1
BRDA:92,6,1,1
BRDA:105,7,0,1
BRDA:105,7,1,0
BRDA:132,8,0,1
BRDA:132,8,1,2
BRDA:141,9,0,1
BRDA:141,9,1,1
BRDA:169,10,0,0
BRDA:169,10,1,3
BRDA:177,11,0,1
BRDA:177,11,1,2
BRDA:177,12,0,3
BRDA:177,12,1,2
BRDA:183,13,0,1
BRDA:183,13,1,1
BRDA:210,14,0,8
BRDA:213,15,0,0
BRDA:213,15,1,8
BRDA:221,16,0,1
BRDA:221,16,1,7
BRDA:226,17,0,1
BRDA:226,17,1,6
BRDA:237,18,0,4
BRDA:237,18,1,1
BRDA:237,18,2,1
BRDA:241,19,0,1
BRDA:241,19,1,3
BRDA:255,20,0,0
BRDA:255,20,1,1
BRDA:273,21,0,1
BRDA:273,21,1,4
BRDA:307,22,0,0
BRDA:307,22,1,0
BRDA:309,23,0,0
BRDA:309,23,1,0
BRDA:318,24,0,0
BRDA:318,24,1,0
BRDA:318,25,0,0
BRDA:318,25,1,0
BRDA:320,26,0,0
BRDA:320,26,1,0
BRDA:322,27,0,0
BRDA:322,27,1,0
BRF:56
BRH:38
end_of_record
TN:
SF:middleware\errorHandler.js
FN:15,(anonymous_0)
FN:32,errorHandler
FN:73,(anonymous_2)
FN:124,sendErrorResponse
FN:166,catchAsync
FN:167,(anonymous_5)
FN:178,notFoundHandler
FNF:7
FNH:0
FNDA:0,(anonymous_0)
FNDA:0,errorHandler
FNDA:0,(anonymous_2)
FNDA:0,sendErrorResponse
FNDA:0,catchAsync
FNDA:0,(anonymous_5)
FNDA:0,notFoundHandler
DA:9,0
DA:16,0
DA:17,0
DA:18,0
DA:19,0
DA:21,0
DA:33,0
DA:34,0
DA:37,0
DA:47,0
DA:48,0
DA:49,0
DA:53,0
DA:54,0
DA:55,0
DA:56,0
DA:60,0
DA:61,0
DA:62,0
DA:66,0
DA:67,0
DA:68,0
DA:72,0
DA:73,0
DA:74,0
DA:75,0
DA:79,0
DA:80,0
DA:81,0
DA:83,0
DA:90,0
DA:91,0
DA:92,0
DA:96,0
DA:97,0
DA:98,0
DA:101,0
DA:102,0
DA:103,0
DA:107,0
DA:108,0
DA:109,0
DA:111,0
DA:115,0
DA:126,0
DA:127,0
DA:137,0
DA:140,0
DA:141,0
DA:150,0
DA:167,0
DA:168,0
DA:179,0
DA:180,0
DA:183,0
LF:55
LH:0
BRDA:18,0,0,0
BRDA:18,0,1,0
BRDA:43,1,0,0
BRDA:43,1,1,0
BRDA:47,2,0,0
BRDA:47,2,1,0
BRDA:53,3,0,0
BRDA:53,3,1,0
BRDA:60,4,0,0
BRDA:60,4,1,0
BRDA:66,5,0,0
BRDA:66,5,1,0
BRDA:72,6,0,0
BRDA:72,6,1,0
BRDA:79,7,0,0
BRDA:79,7,1,0
BRDA:90,8,0,0
BRDA:90,8,1,0
BRDA:96,9,0,0
BRDA:96,9,1,0
BRDA:101,10,0,0
BRDA:101,10,1,0
BRDA:107,11,0,0
BRDA:107,11,1,0
BRDA:107,12,0,0
BRDA:107,12,1,0
BRDA:126,13,0,0
BRDA:126,13,1,0
BRDA:127,14,0,0
BRDA:127,14,1,0
BRDA:130,15,0,0
BRDA:130,15,1,0
BRDA:140,16,0,0
BRDA:140,16,1,0
BRDA:146,17,0,0
BRDA:146,17,1,0
BRDA:153,18,0,0
BRDA:153,18,1,0
BRF:38
BRH:0
end_of_record
TN:
SF:middleware\rateLimiter.js
FN:23,(anonymous_0)
FN:30,(anonymous_1)
FN:56,(anonymous_2)
FN:63,(anonymous_3)
FNF:4
FNH:0
FNDA:0,(anonymous_0)
FNDA:0,(anonymous_1)
FNDA:0,(anonymous_2)
FNDA:0,(anonymous_3)
DA:8,0
DA:9,0
DA:14,0
DA:25,0
DA:26,0
DA:28,0
DA:31,0
DA:38,0
DA:48,0
DA:58,0
DA:59,0
DA:61,0
DA:64,0
DA:70,0
DA:80,0
DA:89,0
LF:16
LH:0
BRDA:15,0,0,0
BRDA:15,0,1,0
BRDA:16,1,0,0
BRDA:16,1,1,0
BRDA:25,2,0,0
BRDA:25,2,1,0
BRDA:35,3,0,0
BRDA:35,3,1,0
BRDA:58,4,0,0
BRDA:58,4,1,0
BRDA:67,5,0,0
BRDA:67,5,1,0
BRF:12
BRH:0
end_of_record
TN:
SF:routes\ai-assistant.js
FN:66,(anonymous_0)
FN:91,(anonymous_1)
FN:162,(anonymous_2)
FN:307,(anonymous_3)
FN:357,(anonymous_4)
FN:385,(anonymous_5)
FN:425,(anonymous_6)
FN:502,(anonymous_7)
FN:533,(anonymous_8)
FNF:9
FNH:0
FNDA:0,(anonymous_0)
FNDA:0,(anonymous_1)
FNDA:0,(anonymous_2)
FNDA:0,(anonymous_3)
FNDA:0,(anonymous_4)
FNDA:0,(anonymous_5)
FNDA:0,(anonymous_6)
FNDA:0,(anonymous_7)
FNDA:0,(anonymous_8)
DA:6,0
DA:7,0
DA:8,0
DA:9,0
DA:10,0
DA:11,0
DA:12,0
DA:13,0
DA:14,0
DA:15,0
DA:17,0
DA:66,0
DA:67,0
DA:68,0
DA:71,0
DA:72,0
DA:73,0
DA:79,0
DA:82,0
DA:88,0
DA:91,0
DA:92,0
DA:93,0
DA:100,0
DA:126,0
DA:128,0
DA:132,0
DA:159,0
DA:163,0
DA:164,0
DA:165,0
DA:172,0
DA:173,0
DA:176,0
DA:177,0
DA:184,0
DA:193,0
DA:194,0
DA:195,0
DA:200,0
DA:207,0
DA:210,0
DA:215,0
DA:216,0
DA:222,0
DA:225,0
DA:227,0
DA:229,0
DA:230,0
DA:231,0
DA:234,0
DA:235,0
DA:236,0
DA:238,0
DA:239,0
DA:244,0
DA:249,0
DA:252,0
DA:253,0
DA:254,0
DA:255,0
DA:256,0
DA:257,0
DA:261,0
DA:264,0
DA:270,0
DA:278,0
DA:286,0
DA:305,0
DA:308,0
DA:309,0
DA:310,0
DA:311,0
DA:313,0
DA:316,0
DA:321,0
DA:322,0
DA:329,0
DA:337,0
DA:357,0
DA:358,0
DA:359,0
DA:360,0
DA:362,0
DA:364,0
DA:373,0
DA:385,0
DA:386,0
DA:387,0
DA:389,0
DA:391,0
DA:397,0
DA:398,0
DA:404,0
DA:408,0
DA:421,0
DA:426,0
DA:427,0
DA:429,0
DA:432,0
DA:439,0
DA:440,0
DA:446,0
DA:449,0
DA:451,0
DA:454,0
DA:457,0
DA:463,0
DA:464,0
DA:465,0
DA:468,0
DA:477,0
DA:483,0
DA:502,0
DA:503,0
DA:504,0
DA:510,0
DA:511,0
DA:518,0
DA:530,0
DA:534,0
DA:535,0
DA:541,0
DA:542,0
DA:544,0
DA:545,0
DA:550,0
DA:551,0
DA:557,0
DA:561,0
DA:567,0
LF:131
LH:0
BRDA:72,0,0,0
BRDA:72,0,1,0
BRDA:92,1,0,0
BRDA:92,1,1,0
BRDA:164,2,0,0
BRDA:164,2,1,0
BRDA:176,3,0,0
BRDA:176,3,1,0
BRDA:194,4,0,0
BRDA:194,4,1,0
BRDA:215,5,0,0
BRDA:215,5,1,0
BRDA:229,6,0,0
BRDA:229,6,1,0
BRDA:234,7,0,0
BRDA:234,7,1,0
BRDA:234,8,0,0
BRDA:234,8,1,0
BRDA:264,9,0,0
BRDA:264,9,1,0
BRDA:310,10,0,0
BRDA:310,10,1,0
BRDA:311,11,0,0
BRDA:311,11,1,0
BRDA:321,12,0,0
BRDA:321,12,1,0
BRDA:359,13,0,0
BRDA:359,13,1,0
BRDA:360,14,0,0
BRDA:360,14,1,0
BRDA:397,15,0,0
BRDA:397,15,1,0
BRDA:439,16,0,0
BRDA:439,16,1,0
BRDA:451,17,0,0
BRDA:451,17,1,0
BRDA:463,18,0,0
BRDA:463,18,1,0
BRDA:503,19,0,0
BRDA:503,19,1,0
BRDA:534,20,0,0
BRDA:534,20,1,0
BRDA:550,21,0,0
BRDA:550,21,1,0
BRF:44
BRH:0
end_of_record
TN:
SF:routes\apiDocs.js
FN:79,(anonymous_0)
FN:94,(anonymous_1)
FN:237,(anonymous_2)
FN:325,(anonymous_3)
FN:331,(anonymous_4)
FN:368,(anonymous_5)
FN:384,(anonymous_6)
FNF:7
FNH:0
FNDA:0,(anonymous_0)
FNDA:0,(anonymous_1)
FNDA:0,(anonymous_2)
FNDA:0,(anonymous_3)
FNDA:0,(anonymous_4)
FNDA:0,(anonymous_5)
FNDA:0,(anonymous_6)
DA:12,0
DA:13,0
DA:14,0
DA:15,0
DA:16,0
DA:17,0
DA:18,0
DA:20,0
DA:23,0
DA:54,0
DA:59,0
DA:73,0
DA:74,0
DA:79,0
DA:80,0
DA:81,0
DA:94,0
DA:95,0
DA:237,0
DA:239,0
DA:285,0
DA:286,0
DA:290,0
DA:325,0
DA:331,0
DA:368,0
DA:371,0
DA:384,0
DA:385,0
DA:397,0
LF:30
LH:0
BRDA:37,0,0,0
BRDA:37,0,1,0
BRDA:38,1,0,0
BRDA:38,1,1,0
BRDA:285,2,0,0
BRDA:285,2,1,0
BRF:6
BRH:0
end_of_record
TN:
SF:routes\auth.js
FN:97,(anonymous_0)
FN:223,(anonymous_1)
FN:262,(anonymous_2)
FN:335,(anonymous_3)
FN:385,(anonymous_4)
FN:490,(anonymous_5)
FNF:6
FNH:0
FNDA:0,(anonymous_0)
FNDA:0,(anonymous_1)
FNDA:0,(anonymous_2)
FNDA:0,(anonymous_3)
FNDA:0,(anonymous_4)
FNDA:0,(anonymous_5)
DA:8,0
DA:9,0
DA:10,0
DA:11,0
DA:12,0
DA:13,0
DA:14,0
DA:15,0
DA:16,0
DA:18,0
DA:94,0
DA:99,0
DA:100,0
DA:101,0
DA:108,0
DA:109,0
DA:112,0
DA:117,0
DA:118,0
DA:124,0
DA:130,0
DA:133,0
DA:134,0
DA:135,0
DA:142,0
DA:149,0
DA:155,0
DA:159,0
DA:164,0
DA:170,0
DA:180,0
DA:189,0
DA:200,0
DA:223,0
DA:225,0
DA:235,0
DA:262,0
DA:263,0
DA:265,0
DA:266,0
DA:272,0
DA:273,0
DA:274,0
DA:277,0
DA:282,0
DA:283,0
DA:289,0
DA:292,0
DA:302,0
DA:310,0
DA:316,0
DA:335,0
DA:336,0
DA:337,0
DA:342,0
DA:343,0
DA:349,0
DA:350,0
DA:352,0
DA:382,0
DA:386,0
DA:387,0
DA:388,0
DA:395,0
DA:396,0
DA:399,0
DA:404,0
DA:405,0
DA:411,0
DA:414,0
DA:415,0
DA:416,0
DA:422,0
DA:429,0
DA:432,0
DA:438,0
DA:447,0
DA:453,0
DA:490,0
DA:491,0
DA:492,0
DA:493,0
DA:494,0
DA:495,0
DA:497,0
DA:498,0
DA:499,0
DA:500,0
DA:502,0
DA:503,0
DA:504,0
DA:505,0
DA:508,0
DA:509,0
DA:510,0
DA:511,0
DA:512,0
DA:515,0
DA:516,0
DA:518,0
DA:519,0
DA:521,0
DA:535,0
LF:103
LH:0
BRDA:100,0,0,0
BRDA:100,0,1,0
BRDA:117,1,0,0
BRDA:117,1,1,0
BRDA:134,2,0,0
BRDA:134,2,1,0
BRDA:156,3,0,0
BRDA:156,3,1,0
BRDA:160,4,0,0
BRDA:160,4,1,0
BRDA:196,5,0,0
BRDA:196,5,1,0
BRDA:196,6,0,0
BRDA:196,6,1,0
BRDA:265,7,0,0
BRDA:265,7,1,0
BRDA:282,8,0,0
BRDA:282,8,1,0
BRDA:282,9,0,0
BRDA:282,9,1,0
BRDA:299,10,0,0
BRDA:299,10,1,0
BRDA:342,11,0,0
BRDA:342,11,1,0
BRDA:350,12,0,0
BRDA:350,12,1,0
BRDA:350,13,0,0
BRDA:350,13,1,0
BRDA:387,14,0,0
BRDA:387,14,1,0
BRDA:404,15,0,0
BRDA:404,15,1,0
BRDA:415,16,0,0
BRDA:415,16,1,0
BRDA:491,17,0,0
BRDA:491,17,1,0
BRDA:492,18,0,0
BRDA:492,18,1,0
BRDA:502,19,0,0
BRDA:502,19,1,0
BRDA:508,20,0,0
BRDA:508,20,1,0
BRF:42
BRH:0
end_of_record
TN:
SF:routes\client-errors.js
FN:22,(anonymous_0)
FN:82,(anonymous_1)
FN:109,(anonymous_2)
FN:133,(anonymous_3)
FNF:4
FNH:0
FNDA:0,(anonymous_0)
FNDA:0,(anonymous_1)
FNDA:0,(anonymous_2)
FNDA:0,(anonymous_3)
DA:6,0
DA:7,0
DA:8,0
DA:9,0
DA:10,0
DA:11,0
DA:13,0
DA:18,0
DA:23,0
DA:24,0
DA:25,0
DA:32,0
DA:33,0
DA:34,0
DA:35,0
DA:37,0
DA:38,0
DA:41,0
DA:54,0
DA:62,0
DA:68,0
DA:69,0
DA:79,0
DA:83,0
DA:84,0
DA:86,0
DA:87,0
DA:89,0
DA:99,0
DA:101,0
DA:102,0
DA:109,0
DA:110,0
DA:111,0
DA:117,0
DA:118,0
DA:119,0
DA:121,0
DA:122,0
DA:130,0
DA:133,0
DA:134,0
DA:135,0
DA:137,0
DA:141,0
DA:155,0
LF:46
LH:0
BRDA:24,0,0,0
BRDA:24,0,1,0
BRDA:33,1,0,0
BRDA:33,1,1,0
BRDA:47,2,0,0
BRDA:47,2,1,0
BRDA:50,3,0,0
BRDA:50,3,1,0
BRDA:84,4,0,0
BRDA:84,4,1,0
BRDA:110,5,0,0
BRDA:110,5,1,0
BRDA:110,6,0,0
BRDA:110,6,1,0
BRDA:117,7,0,0
BRDA:117,7,1,0
BRDA:118,8,0,0
BRDA:118,8,1,0
BRF:18
BRH:0
end_of_record
TN:
SF:routes\customers.js
FN:151,(anonymous_0)
FN:202,(anonymous_1)
FN:244,(anonymous_2)
FN:355,(anonymous_3)
FN:444,(anonymous_4)
FN:501,(anonymous_5)
FN:666,(anonymous_6)
FNF:7
FNH:0
FNDA:0,(anonymous_0)
FNDA:0,(anonymous_1)
FNDA:0,(anonymous_2)
FNDA:0,(anonymous_3)
FNDA:0,(anonymous_4)
FNDA:0,(anonymous_5)
FNDA:0,(anonymous_6)
DA:12,0
DA:13,0
DA:14,0
DA:15,0
DA:16,0
DA:17,0
DA:19,0
DA:151,0
DA:152,0
DA:153,0
DA:154,0
DA:155,0
DA:156,0
DA:157,0
DA:159,0
DA:171,0
DA:172,0
DA:174,0
DA:175,0
DA:176,0
DA:177,0
DA:180,0
DA:181,0
DA:182,0
DA:183,0
DA:186,0
DA:187,0
DA:188,0
DA:189,0
DA:190,0
DA:191,0
DA:194,0
DA:195,0
DA:197,0
DA:198,0
DA:199,0
DA:202,0
DA:203,0
DA:206,0
DA:208,0
DA:242,0
DA:245,0
DA:246,0
DA:247,0
DA:254,0
DA:255,0
DA:258,0
DA:265,0
DA:266,0
DA:272,0
DA:273,0
DA:276,0
DA:288,0
DA:301,0
DA:312,0
DA:314,0
DA:347,0
DA:356,0
DA:357,0
DA:358,0
DA:369,0
DA:371,0
DA:374,0
DA:379,0
DA:380,0
DA:387,0
DA:400,0
DA:410,0
DA:444,0
DA:445,0
DA:446,0
DA:448,0
DA:458,0
DA:460,0
DA:461,0
DA:462,0
DA:465,0
DA:467,0
DA:468,0
DA:470,0
DA:494,0
DA:502,0
DA:503,0
DA:504,0
DA:516,0
DA:518,0
DA:521,0
DA:526,0
DA:527,0
DA:533,0
DA:534,0
DA:541,0
DA:542,0
DA:543,0
DA:544,0
DA:546,0
DA:547,0
DA:554,0
DA:555,0
DA:562,0
DA:563,0
DA:564,0
DA:566,0
DA:567,0
DA:574,0
DA:575,0
DA:581,0
DA:582,0
DA:583,0
DA:585,0
DA:589,0
DA:591,0
DA:593,0
DA:606,0
DA:607,0
DA:613,0
DA:615,0
DA:631,0
DA:642,0
DA:643,0
DA:666,0
DA:667,0
DA:669,0
DA:670,0
DA:685,0
DA:687,0
DA:697,0
LF:127
LH:0
BRDA:152,0,0,0
BRDA:152,0,1,0
BRDA:153,1,0,0
BRDA:153,1,1,0
BRDA:174,2,0,0
BRDA:174,2,1,0
BRDA:180,3,0,0
BRDA:180,3,1,0
BRDA:186,4,0,0
BRDA:186,4,1,0
BRDA:203,5,0,0
BRDA:203,5,1,0
BRDA:246,6,0,0
BRDA:246,6,1,0
BRDA:265,7,0,0
BRDA:265,7,1,0
BRDA:273,8,0,0
BRDA:273,8,1,0
BRDA:357,9,0,0
BRDA:357,9,1,0
BRDA:368,10,0,0
BRDA:368,11,0,0
BRDA:379,12,0,0
BRDA:379,12,1,0
BRDA:396,13,0,0
BRDA:396,13,1,0
BRDA:460,14,0,0
BRDA:460,14,1,0
BRDA:503,15,0,0
BRDA:503,15,1,0
BRDA:512,16,0,0
BRDA:514,17,0,0
BRDA:515,18,0,0
BRDA:526,19,0,0
BRDA:526,19,1,0
BRDA:533,20,0,0
BRDA:533,20,1,0
BRDA:533,21,0,0
BRDA:533,21,1,0
BRDA:546,22,0,0
BRDA:546,22,1,0
BRDA:554,23,0,0
BRDA:554,23,1,0
BRDA:554,24,0,0
BRDA:554,24,1,0
BRDA:566,25,0,0
BRDA:566,25,1,0
BRDA:581,26,0,0
BRDA:581,26,1,0
BRDA:606,27,0,0
BRDA:606,27,1,0
BRDA:667,28,0,0
BRDA:667,28,1,0
BRF:53
BRH:0
end_of_record
TN:
SF:routes\documents.js
FN:26,(anonymous_0)
FN:33,(anonymous_1)
FN:45,(anonymous_2)
FN:82,(anonymous_3)
FN:98,(anonymous_4)
FN:147,(anonymous_5)
FN:246,(anonymous_6)
FN:324,(anonymous_7)
FN:360,(anonymous_8)
FN:376,(anonymous_9)
FN:376,(anonymous_10)
FN:380,(anonymous_11)
FN:388,(anonymous_12)
FN:389,(anonymous_13)
FN:422,(anonymous_14)
FN:471,(anonymous_15)
FN:523,(anonymous_16)
FN:587,(anonymous_17)
FNF:18
FNH:0
FNDA:0,(anonymous_0)
FNDA:0,(anonymous_1)
FNDA:0,(anonymous_2)
FNDA:0,(anonymous_3)
FNDA:0,(anonymous_4)
FNDA:0,(anonymous_5)
FNDA:0,(anonymous_6)
FNDA:0,(anonymous_7)
FNDA:0,(anonymous_8)
FNDA:0,(anonymous_9)
FNDA:0,(anonymous_10)
FNDA:0,(anonymous_11)
FNDA:0,(anonymous_12)
FNDA:0,(anonymous_13)
FNDA:0,(anonymous_14)
FNDA:0,(anonymous_15)
FNDA:0,(anonymous_16)
FNDA:0,(anonymous_17)
DA:11,0
DA:12,0
DA:13,0
DA:14,0
DA:15,0
DA:16,0
DA:17,0
DA:18,0
DA:19,0
DA:20,0
DA:22,0
DA:25,0
DA:27,0
DA:28,0
DA:29,0
DA:31,0
DA:34,0
DA:35,0
DA:39,0
DA:46,0
DA:56,0
DA:57,0
DA:59,0
DA:82,0
DA:83,0
DA:85,0
DA:86,0
DA:88,0
DA:89,0
DA:90,0
DA:93,0
DA:95,0
DA:96,0
DA:98,0
DA:99,0
DA:102,0
DA:143,0
DA:148,0
DA:149,0
DA:150,0
DA:160,0
DA:162,0
DA:165,0
DA:170,0
DA:171,0
DA:177,0
DA:188,0
DA:198,0
DA:246,0
DA:247,0
DA:248,0
DA:254,0
DA:256,0
DA:257,0
DA:263,0
DA:264,0
DA:267,0
DA:269,0
DA:284,0
DA:286,0
DA:287,0
DA:300,0
DA:301,0
DA:310,0
DA:317,0
DA:324,0
DA:327,0
DA:360,0
DA:361,0
DA:363,0
DA:364,0
DA:366,0
DA:368,0
DA:369,0
DA:370,0
DA:372,0
DA:375,0
DA:376,0
DA:377,0
DA:379,0
DA:380,0
DA:381,0
DA:385,0
DA:388,0
DA:389,0
DA:390,0
DA:396,0
DA:422,0
DA:423,0
DA:425,0
DA:426,0
DA:428,0
DA:430,0
DA:431,0
DA:438,0
DA:439,0
DA:446,0
DA:452,0
DA:453,0
DA:455,0
DA:456,0
DA:471,0
DA:472,0
DA:474,0
DA:484,0
DA:486,0
DA:488,0
DA:520,0
DA:524,0
DA:525,0
DA:526,0
DA:533,0
DA:536,0
DA:537,0
DA:549,0
DA:550,0
DA:556,0
DA:559,0
DA:560,0
DA:561,0
DA:563,0
DA:564,0
DA:571,0
DA:572,0
DA:587,0
DA:588,0
DA:591,0
DA:601,0
DA:612,0
LF:129
LH:0
BRDA:28,0,0,0
BRDA:28,0,1,0
BRDA:56,1,0,0
BRDA:56,1,1,0
BRDA:88,2,0,0
BRDA:88,2,1,0
BRDA:99,3,0,0
BRDA:99,3,1,0
BRDA:149,4,0,0
BRDA:149,4,1,0
BRDA:159,5,0,0
BRDA:159,6,0,0
BRDA:170,7,0,0
BRDA:170,7,1,0
BRDA:184,8,0,0
BRDA:184,8,1,0
BRDA:247,9,0,0
BRDA:247,9,1,0
BRDA:247,10,0,0
BRDA:247,10,1,0
BRDA:256,11,0,0
BRDA:256,11,1,0
BRDA:256,12,0,0
BRDA:256,12,1,0
BRDA:295,13,0,0
BRDA:295,13,1,0
BRDA:368,14,0,0
BRDA:368,14,1,0
BRDA:369,15,0,0
BRDA:369,15,1,0
BRDA:370,16,0,0
BRDA:370,16,1,0
BRDA:379,17,0,0
BRDA:379,17,1,0
BRDA:392,18,0,0
BRDA:392,18,1,0
BRDA:430,19,0,0
BRDA:430,19,1,0
BRDA:430,20,0,0
BRDA:430,20,1,0
BRDA:438,21,0,0
BRDA:438,21,1,0
BRDA:525,22,0,0
BRDA:525,22,1,0
BRDA:549,23,0,0
BRDA:549,23,1,0
BRDA:563,24,0,0
BRDA:563,24,1,0
BRDA:563,25,0,0
BRDA:563,25,1,0
BRDA:574,26,0,0
BRDA:574,26,1,0
BRDA:576,27,0,0
BRDA:576,27,1,0
BRF:54
BRH:0
end_of_record
TN:
SF:routes\projectTasks.js
FN:17,(anonymous_0)
FN:102,(anonymous_1)
FN:154,(anonymous_2)
FN:200,(anonymous_3)
FN:219,(anonymous_4)
FN:258,(anonymous_5)
FN:317,(anonymous_6)
FN:332,calculateNextDueDate
FNF:8
FNH:0
FNDA:0,(anonymous_0)
FNDA:0,(anonymous_1)
FNDA:0,(anonymous_2)
FNDA:0,(anonymous_3)
FNDA:0,(anonymous_4)
FNDA:0,(anonymous_5)
FNDA:0,(anonymous_6)
FNDA:0,calculateNextDueDate
DA:6,0
DA:7,0
DA:8,0
DA:9,0
DA:10,0
DA:11,0
DA:17,0
DA:18,0
DA:19,0
DA:20,0
DA:22,0
DA:23,0
DA:35,0
DA:37,0
DA:38,0
DA:39,0
DA:42,0
DA:43,0
DA:44,0
DA:47,0
DA:48,0
DA:49,0
DA:52,0
DA:53,0
DA:55,0
DA:58,0
DA:59,0
DA:61,0
DA:62,0
DA:63,0
DA:65,0
DA:66,0
DA:67,0
DA:69,0
DA:70,0
DA:71,0
DA:74,0
DA:76,0
DA:94,0
DA:103,0
DA:104,0
DA:105,0
DA:108,0
DA:120,0
DA:122,0
DA:124,0
DA:138,0
DA:143,0
DA:154,0
DA:155,0
DA:156,0
DA:158,0
DA:171,0
DA:172,0
DA:176,0
DA:184,0
DA:197,0
DA:201,0
DA:202,0
DA:203,0
DA:206,0
DA:207,0
DA:208,0
DA:211,0
DA:216,0
DA:217,0
DA:219,0
DA:220,0
DA:221,0
DA:222,0
DA:226,0
DA:227,0
DA:230,0
DA:231,0
DA:232,0
DA:234,0
DA:240,0
DA:245,0
DA:255,0
DA:259,0
DA:260,0
DA:261,0
DA:264,0
DA:269,0
DA:270,0
DA:273,0
DA:276,0
DA:288,0
DA:289,0
DA:291,0
DA:299,0
DA:304,0
DA:314,0
DA:318,0
DA:319,0
DA:321,0
DA:323,0
DA:333,0
DA:335,0
DA:337,0
DA:338,0
DA:340,0
DA:341,0
DA:343,0
DA:344,0
DA:346,0
DA:347,0
DA:349,0
DA:350,0
DA:352,0
DA:353,0
DA:355,0
DA:356,0
DA:358,0
DA:361,0
DA:364,0
LF:116
LH:0
BRDA:19,0,0,0
BRDA:19,1,0,0
BRDA:37,2,0,0
BRDA:37,2,1,0
BRDA:42,3,0,0
BRDA:42,3,1,0
BRDA:47,4,0,0
BRDA:47,4,1,0
BRDA:61,5,0,0
BRDA:61,5,1,0
BRDA:65,6,0,0
BRDA:65,6,1,0
BRDA:69,7,0,0
BRDA:69,7,1,0
BRDA:104,8,0,0
BRDA:104,8,1,0
BRDA:117,9,0,0
BRDA:118,10,0,0
BRDA:119,11,0,0
BRDA:133,12,0,0
BRDA:133,12,1,0
BRDA:171,13,0,0
BRDA:171,13,1,0
BRDA:207,14,0,0
BRDA:207,14,1,0
BRDA:220,15,0,0
BRDA:220,15,1,0
BRDA:226,16,0,0
BRDA:226,16,1,0
BRDA:269,17,0,0
BRDA:269,17,1,0
BRDA:288,18,0,0
BRDA:288,18,1,0
BRDA:335,19,0,0
BRDA:335,19,1,0
BRDA:335,19,2,0
BRDA:335,19,3,0
BRDA:335,19,4,0
BRDA:335,19,5,0
BRDA:335,19,6,0
BRDA:335,19,7,0
BRF:41
BRH:0
end_of_record
TN:
SF:routes\projectZones.js
FN:82,(anonymous_0)
FN:114,(anonymous_1)
FN:210,(anonymous_2)
FN:341,(anonymous_3)
FN:470,(anonymous_4)
FN:579,(anonymous_5)
FNF:6
FNH:0
FNDA:0,(anonymous_0)
FNDA:0,(anonymous_1)
FNDA:0,(anonymous_2)
FNDA:0,(anonymous_3)
FNDA:0,(anonymous_4)
FNDA:0,(anonymous_5)
DA:12,0
DA:13,0
DA:14,0
DA:15,0
DA:16,0
DA:17,0
DA:19,0
DA:82,0
DA:83,0
DA:84,0
DA:85,0
DA:87,0
DA:96,0
DA:98,0
DA:99,0
DA:100,0
DA:103,0
DA:104,0
DA:105,0
DA:108,0
DA:110,0
DA:111,0
DA:114,0
DA:115,0
DA:116,0
DA:119,0
DA:121,0
DA:122,0
DA:123,0
DA:125,0
DA:126,0
DA:127,0
DA:129,0
DA:130,0
DA:131,0
DA:133,0
DA:134,0
DA:135,0
DA:137,0
DA:138,0
DA:142,0
DA:143,0
DA:155,0
DA:156,0
DA:157,0
DA:158,0
DA:159,0
DA:160,0
DA:161,0
DA:164,0
DA:171,0
DA:173,0
DA:208,0
DA:211,0
DA:212,0
DA:213,0
DA:220,0
DA:221,0
DA:223,0
DA:224,0
DA:235,0
DA:236,0
DA:242,0
DA:243,0
DA:244,0
DA:247,0
DA:248,0
DA:265,0
DA:274,0
DA:276,0
DA:335,0
DA:342,0
DA:343,0
DA:344,0
DA:351,0
DA:356,0
DA:358,0
DA:361,0
DA:366,0
DA:367,0
DA:374,0
DA:379,0
DA:380,0
DA:387,0
DA:401,0
DA:408,0
DA:418,0
DA:467,0
DA:471,0
DA:472,0
DA:473,0
DA:480,0
DA:481,0
DA:482,0
DA:484,0
DA:487,0
DA:492,0
DA:493,0
DA:499,0
DA:501,0
DA:502,0
DA:509,0
DA:514,0
DA:530,0
DA:576,0
DA:580,0
DA:581,0
DA:582,0
DA:589,0
DA:590,0
DA:592,0
DA:593,0
DA:594,0
DA:597,0
DA:599,0
DA:600,0
DA:601,0
DA:604,0
DA:609,0
DA:611,0
DA:624,0
DA:627,0
DA:637,0
DA:641,0
DA:643,0
DA:653,0
DA:663,0
DA:664,0
DA:668,0
LF:129
LH:0
BRDA:98,0,0,0
BRDA:98,0,1,0
BRDA:103,1,0,0
BRDA:103,1,1,0
BRDA:115,2,0,0
BRDA:115,2,1,0
BRDA:116,3,0,0
BRDA:116,3,1,0
BRDA:119,4,0,0
BRDA:119,4,1,0
BRDA:119,4,2,0
BRDA:119,4,3,0
BRDA:119,4,4,0
BRDA:142,5,0,0
BRDA:142,5,1,0
BRDA:212,6,0,0
BRDA:212,6,1,0
BRDA:235,7,0,0
BRDA:235,7,1,0
BRDA:243,8,0,0
BRDA:243,8,1,0
BRDA:244,9,0,0
BRDA:244,9,1,0
BRDA:247,10,0,0
BRDA:247,10,1,0
BRDA:343,11,0,0
BRDA:343,11,1,0
BRDA:353,12,0,0
BRDA:354,13,0,0
BRDA:366,14,0,0
BRDA:366,14,1,0
BRDA:379,15,0,0
BRDA:379,15,1,0
BRDA:395,16,0,0
BRDA:395,16,1,0
BRDA:396,17,0,0
BRDA:396,17,1,0
BRDA:472,18,0,0
BRDA:472,18,1,0
BRDA:492,19,0,0
BRDA:492,19,1,0
BRDA:501,20,0,0
BRDA:501,20,1,0
BRDA:581,21,0,0
BRDA:581,21,1,0
BRDA:609,22,0,0
BRDA:609,22,1,0
BRDA:620,23,0,0
BRDA:620,23,1,0
BRDA:633,24,0,0
BRDA:633,24,1,0
BRDA:634,25,0,0
BRDA:634,25,1,0
BRDA:635,26,0,0
BRDA:635,26,1,0
BRF:55
BRH:0
end_of_record
TN:
SF:routes\projects.js
FN:27,(anonymous_0)
FN:30,(anonymous_1)
FN:42,(anonymous_2)
FN:213,(anonymous_3)
FN:263,(anonymous_4)
FN:308,(anonymous_5)
FN:351,(anonymous_6)
FN:413,(anonymous_7)
FN:511,(anonymous_8)
FN:531,(anonymous_9)
FNF:10
FNH:0
FNDA:0,(anonymous_0)
FNDA:0,(anonymous_1)
FNDA:0,(anonymous_2)
FNDA:0,(anonymous_3)
FNDA:0,(anonymous_4)
FNDA:0,(anonymous_5)
FNDA:0,(anonymous_6)
FNDA:0,(anonymous_7)
FNDA:0,(anonymous_8)
FNDA:0,(anonymous_9)
DA:13,0
DA:14,0
DA:15,0
DA:16,0
DA:17,0
DA:18,0
DA:19,0
DA:20,0
DA:21,0
DA:23,0
DA:26,0
DA:28,0
DA:31,0
DA:32,0
DA:36,0
DA:43,0
DA:44,0
DA:45,0
DA:47,0
DA:213,0
DA:214,0
DA:215,0
DA:216,0
DA:217,0
DA:218,0
DA:219,0
DA:221,0
DA:222,0
DA:234,0
DA:235,0
DA:237,0
DA:238,0
DA:239,0
DA:240,0
DA:243,0
DA:244,0
DA:245,0
DA:246,0
DA:249,0
DA:250,0
DA:251,0
DA:252,0
DA:253,0
DA:256,0
DA:257,0
DA:259,0
DA:260,0
DA:263,0
DA:264,0
DA:265,0
DA:266,0
DA:267,0
DA:270,0
DA:272,0
DA:306,0
DA:309,0
DA:310,0
DA:311,0
DA:318,0
DA:319,0
DA:322,0
DA:329,0
DA:330,0
DA:336,0
DA:339,0
DA:340,0
DA:341,0
DA:342,0
DA:345,0
DA:351,0
DA:352,0
DA:353,0
DA:357,0
DA:371,0
DA:373,0
DA:405,0
DA:414,0
DA:415,0
DA:416,0
DA:427,0
DA:429,0
DA:432,0
DA:437,0
DA:438,0
DA:445,0
DA:460,0
DA:470,0
DA:507,0
DA:512,0
DA:513,0
DA:514,0
DA:521,0
DA:522,0
DA:523,0
DA:525,0
DA:531,0
DA:532,0
DA:533,0
DA:535,0
DA:536,0
DA:538,0
DA:539,0
DA:544,0
DA:545,0
DA:551,0
DA:553,0
DA:554,0
DA:559,0
DA:560,0
DA:566,0
DA:576,0
DA:583,0
DA:584,0
DA:588,0
LF:114
LH:0
BRDA:44,0,0,0
BRDA:44,0,1,0
BRDA:214,1,0,0
BRDA:214,1,1,0
BRDA:215,2,0,0
BRDA:215,2,1,0
BRDA:237,3,0,0
BRDA:237,3,1,0
BRDA:243,4,0,0
BRDA:243,4,1,0
BRDA:249,5,0,0
BRDA:249,5,1,0
BRDA:264,6,0,0
BRDA:264,6,1,0
BRDA:265,7,0,0
BRDA:265,7,1,0
BRDA:266,8,0,0
BRDA:266,8,1,0
BRDA:267,9,0,0
BRDA:267,9,1,0
BRDA:310,10,0,0
BRDA:310,10,1,0
BRDA:329,11,0,0
BRDA:329,11,1,0
BRDA:339,12,0,0
BRDA:339,12,1,0
BRDA:340,13,0,0
BRDA:340,13,1,0
BRDA:341,14,0,0
BRDA:341,14,1,0
BRDA:342,15,0,0
BRDA:342,15,1,0
BRDA:352,16,0,0
BRDA:352,16,1,0
BRDA:353,17,0,0
BRDA:353,17,1,0
BRDA:415,18,0,0
BRDA:415,18,1,0
BRDA:426,19,0,0
BRDA:437,20,0,0
BRDA:437,20,1,0
BRDA:454,21,0,0
BRDA:454,21,1,0
BRDA:455,22,0,0
BRDA:455,22,1,0
BRDA:456,23,0,0
BRDA:456,23,1,0
BRDA:513,24,0,0
BRDA:513,24,1,0
BRDA:532,25,0,0
BRDA:532,25,1,0
BRDA:533,26,0,0
BRDA:533,26,1,0
BRDA:533,27,0,0
BRDA:533,27,1,0
BRDA:533,27,2,0
BRDA:533,27,3,0
BRDA:544,28,0,0
BRDA:544,28,1,0
BRDA:559,29,0,0
BRDA:559,29,1,0
BRF:61
BRH:0
end_of_record
TN:
SF:routes\users.js
FN:90,(anonymous_0)
FN:196,(anonymous_1)
FN:232,(anonymous_2)
FN:268,(anonymous_3)
FN:334,(anonymous_4)
FN:388,(anonymous_5)
FN:417,(anonymous_6)
FN:465,(anonymous_7)
FN:515,(anonymous_8)
FN:556,(anonymous_9)
FN:576,(anonymous_10)
FNF:11
FNH:0
FNDA:0,(anonymous_0)
FNDA:0,(anonymous_1)
FNDA:0,(anonymous_2)
FNDA:0,(anonymous_3)
FNDA:0,(anonymous_4)
FNDA:0,(anonymous_5)
FNDA:0,(anonymous_6)
FNDA:0,(anonymous_7)
FNDA:0,(anonymous_8)
FNDA:0,(anonymous_9)
FNDA:0,(anonymous_10)
DA:6,0
DA:7,0
DA:8,0
DA:9,0
DA:10,0
DA:11,0
DA:12,0
DA:14,0
DA:90,0
DA:91,0
DA:92,0
DA:93,0
DA:94,0
DA:95,0
DA:97,0
DA:100,0
DA:110,0
DA:111,0
DA:117,0
DA:119,0
DA:132,0
DA:135,0
DA:137,0
DA:138,0
DA:139,0
DA:140,0
DA:143,0
DA:144,0
DA:145,0
DA:149,0
DA:150,0
DA:155,0
DA:157,0
DA:158,0
DA:160,0
DA:161,0
DA:167,0
DA:168,0
DA:169,0
DA:172,0
DA:174,0
DA:194,0
DA:197,0
DA:198,0
DA:201,0
DA:206,0
DA:207,0
DA:213,0
DA:214,0
DA:217,0
DA:225,0
DA:231,0
DA:232,0
DA:233,0
DA:234,0
DA:235,0
DA:236,0
DA:239,0
DA:244,0
DA:246,0
DA:262,0
DA:269,0
DA:270,0
DA:271,0
DA:278,0
DA:279,0
DA:282,0
DA:287,0
DA:288,0
DA:295,0
DA:298,0
DA:303,0
DA:307,0
DA:330,0
DA:335,0
DA:336,0
DA:337,0
DA:340,0
DA:341,0
DA:342,0
DA:349,0
DA:354,0
DA:356,0
DA:362,0
DA:368,0
DA:372,0
DA:388,0
DA:389,0
DA:390,0
DA:392,0
DA:400,0
DA:412,0
DA:418,0
DA:419,0
DA:420,0
DA:423,0
DA:428,0
DA:429,0
DA:436,0
DA:437,0
DA:439,0
DA:444,0
DA:448,0
DA:465,0
DA:466,0
DA:467,0
DA:468,0
DA:469,0
DA:470,0
DA:471,0
DA:472,0
DA:473,0
DA:475,0
DA:476,0
DA:482,0
DA:484,0
DA:485,0
DA:486,0
DA:489,0
DA:490,0
DA:491,0
DA:494,0
DA:495,0
DA:496,0
DA:499,0
DA:500,0
DA:501,0
DA:504,0
DA:505,0
DA:506,0
DA:509,0
DA:510,0
DA:512,0
DA:515,0
DA:516,0
DA:520,0
DA:530,0
DA:534,0
DA:554,0
DA:557,0
DA:558,0
DA:559,0
DA:560,0
DA:562,0
DA:563,0
DA:570,0
DA:576,0
DA:577,0
DA:580,0
DA:594,0
LF:150
LH:0
BRDA:91,0,0,0
BRDA:91,0,1,0
BRDA:92,1,0,0
BRDA:92,1,1,0
BRDA:117,2,0,0
BRDA:117,2,1,0
BRDA:137,3,0,0
BRDA:137,3,1,0
BRDA:143,4,0,0
BRDA:143,4,1,0
BRDA:149,5,0,0
BRDA:149,5,1,0
BRDA:168,6,0,0
BRDA:168,6,1,0
BRDA:206,7,0,0
BRDA:206,7,1,0
BRDA:214,8,0,0
BRDA:214,8,1,0
BRDA:233,9,0,0
BRDA:233,9,1,0
BRDA:270,10,0,0
BRDA:270,10,1,0
BRDA:278,11,0,0
BRDA:287,12,0,0
BRDA:287,12,1,0
BRDA:341,13,0,0
BRDA:341,13,1,0
BRDA:354,14,0,0
BRDA:354,14,1,0
BRDA:419,15,0,0
BRDA:428,16,0,0
BRDA:428,16,1,0
BRDA:466,17,0,0
BRDA:466,17,1,0
BRDA:467,18,0,0
BRDA:467,18,1,0
BRDA:484,19,0,0
BRDA:484,19,1,0
BRDA:489,20,0,0
BRDA:489,20,1,0
BRDA:494,21,0,0
BRDA:494,21,1,0
BRDA:499,22,0,0
BRDA:499,22,1,0
BRDA:504,23,0,0
BRDA:504,23,1,0
BRDA:516,24,0,0
BRDA:516,24,1,0
BRDA:558,25,0,0
BRDA:558,25,1,0
BRDA:559,26,0,0
BRDA:559,26,1,0
BRDA:577,27,0,0
BRDA:577,27,1,0
BRF:54
BRH:0
end_of_record
TN:
SF:services\AIService.js
FN:15,(anonymous_0)
FN:35,(anonymous_1)
FN:55,(anonymous_2)
FN:82,(anonymous_3)
FN:108,(anonymous_4)
FN:191,(anonymous_5)
FN:199,(anonymous_6)
FN:207,(anonymous_7)
FN:241,(anonymous_8)
FN:275,(anonymous_9)
FN:303,(anonymous_10)
FN:339,(anonymous_11)
FN:390,(anonymous_12)
FN:439,(anonymous_13)
FN:485,(anonymous_14)
FN:500,(anonymous_15)
FN:509,(anonymous_16)
FN:514,(anonymous_17)
FN:536,(anonymous_18)
FN:540,(anonymous_19)
FN:552,(anonymous_20)
FN:573,(anonymous_21)
FN:593,(anonymous_22)
FN:618,(anonymous_23)
FNF:24
FNH:5
FNDA:3,(anonymous_0)
FNDA:0,(anonymous_1)
FNDA:0,(anonymous_2)
FNDA:0,(anonymous_3)
FNDA:0,(anonymous_4)
FNDA:4,(anonymous_5)
FNDA:88,(anonymous_6)
FNDA:0,(anonymous_7)
FNDA:0,(anonymous_8)
FNDA:0,(anonymous_9)
FNDA:0,(anonymous_10)
FNDA:0,(anonymous_11)
FNDA:0,(anonymous_12)
FNDA:0,(anonymous_13)
FNDA:0,(anonymous_14)
FNDA:0,(anonymous_15)
FNDA:0,(anonymous_16)
FNDA:0,(anonymous_17)
FNDA:0,(anonymous_18)
FNDA:0,(anonymous_19)
FNDA:4,(anonymous_20)
FNDA:0,(anonymous_21)
FNDA:0,(anonymous_22)
FNDA:2,(anonymous_23)
DA:6,1
DA:7,1
DA:8,1
DA:9,1
DA:16,3
DA:17,3
DA:18,3
DA:25,0
DA:27,3
DA:28,3
DA:36,0
DA:37,0
DA:38,0
DA:45,0
DA:47,0
DA:48,0
DA:56,0
DA:57,0
DA:59,0
DA:60,0
DA:65,0
DA:66,0
DA:72,0
DA:74,0
DA:75,0
DA:83,0
DA:84,0
DA:85,0
DA:87,0
DA:98,0
DA:100,0
DA:101,0
DA:109,0
DA:111,0
DA:112,0
DA:113,0
DA:117,0
DA:120,0
DA:122,0
DA:124,0
DA:126,0
DA:127,0
DA:128,0
DA:129,0
DA:131,0
DA:132,0
DA:133,0
DA:136,0
DA:137,0
DA:138,0
DA:139,0
DA:142,0
DA:143,0
DA:146,0
DA:150,0
DA:151,0
DA:152,0
DA:153,0
DA:157,0
DA:158,0
DA:166,0
DA:168,0
DA:177,0
DA:178,0
DA:192,4
DA:199,4
DA:200,88
DA:208,0
DA:210,0
DA:212,0
DA:214,0
DA:220,0
DA:222,0
DA:229,0
DA:230,0
DA:242,0
DA:243,0
DA:251,0
DA:256,0
DA:263,0
DA:264,0
DA:276,0
DA:277,0
DA:279,0
DA:284,0
DA:291,0
DA:292,0
DA:304,0
DA:306,0
DA:308,0
DA:309,0
DA:311,0
DA:312,0
DA:315,0
DA:318,0
DA:320,0
DA:322,0
DA:324,0
DA:326,0
DA:328,0
DA:331,0
DA:332,0
DA:340,0
DA:341,0
DA:343,0
DA:353,0
DA:365,0
DA:366,0
DA:367,0
DA:369,0
DA:375,0
DA:377,0
DA:378,0
DA:379,0
DA:380,0
DA:382,0
DA:391,0
DA:392,0
DA:394,0
DA:405,0
DA:416,0
DA:417,0
DA:418,0
DA:420,0
DA:426,0
DA:428,0
DA:429,0
DA:431,0
DA:440,0
DA:441,0
DA:443,0
DA:450,0
DA:463,0
DA:464,0
DA:466,0
DA:472,0
DA:474,0
DA:475,0
DA:477,0
DA:487,0
DA:488,0
DA:490,0
DA:501,0
DA:510,0
DA:514,0
DA:537,0
DA:540,0
DA:553,4
DA:554,4
DA:555,2
DA:559,2
DA:560,2
DA:561,2
DA:562,2
DA:563,1
DA:567,1
DA:574,0
DA:575,0
DA:576,0
DA:583,0
DA:585,0
DA:586,0
DA:594,0
DA:595,0
DA:596,0
DA:611,0
DA:619,2
DA:620,2
DA:621,2
DA:626,2
DA:631,1
LF:171
LH:26
BRDA:25,0,0,0
BRDA:25,0,1,0
BRDA:65,1,0,0
BRDA:65,1,1,0
BRDA:65,2,0,0
BRDA:65,2,1,0
BRDA:68,3,0,0
BRDA:68,3,1,0
BRDA:112,4,0,0
BRDA:112,4,1,0
BRDA:124,5,0,0
BRDA:124,5,1,0
BRDA:131,6,0,0
BRDA:131,6,1,0
BRDA:131,7,0,0
BRDA:131,7,1,0
BRDA:157,8,0,0
BRDA:157,8,1,0
BRDA:157,9,0,0
BRDA:157,9,1,0
BRDA:157,9,2,0
BRDA:303,10,0,0
BRDA:318,11,0,0
BRDA:318,11,1,0
BRDA:318,11,2,0
BRDA:318,11,3,0
BRDA:318,11,4,0
BRDA:344,12,0,0
BRDA:344,12,1,0
BRDA:346,13,0,0
BRDA:346,13,1,0
BRDA:347,14,0,0
BRDA:347,14,1,0
BRDA:348,15,0,0
BRDA:348,15,1,0
BRDA:349,16,0,0
BRDA:349,16,1,0
BRDA:350,17,0,0
BRDA:350,17,1,0
BRDA:366,18,0,0
BRDA:366,18,1,0
BRDA:375,19,0,0
BRDA:375,19,1,0
BRDA:377,20,0,0
BRDA:377,20,1,0
BRDA:378,21,0,0
BRDA:378,21,1,0
BRDA:379,22,0,0
BRDA:379,22,1,0
BRDA:399,23,0,0
BRDA:399,23,1,0
BRDA:400,24,0,0
BRDA:400,24,1,0
BRDA:401,25,0,0
BRDA:401,25,1,0
BRDA:406,26,0,0
BRDA:406,26,1,0
BRDA:417,27,0,0
BRDA:417,27,1,0
BRDA:426,28,0,0
BRDA:426,28,1,0
BRDA:428,29,0,0
BRDA:428,29,1,0
BRDA:429,30,0,0
BRDA:429,30,1,0
BRDA:444,31,0,0
BRDA:444,31,1,0
BRDA:446,32,0,0
BRDA:446,32,1,0
BRDA:447,33,0,0
BRDA:447,33,1,0
BRDA:472,34,0,0
BRDA:472,34,1,0
BRDA:474,35,0,0
BRDA:474,35,1,0
BRDA:475,36,0,0
BRDA:475,36,1,0
BRDA:554,37,0,2
BRDA:554,37,1,2
BRDA:554,38,0,4
BRDA:554,38,1,2
BRDA:562,39,0,1
BRDA:562,39,1,1
BRDA:573,40,0,0
BRDA:593,41,0,0
BRDA:593,42,0,0
BRDA:593,43,0,0
BRDA:593,44,0,0
BRDA:607,45,0,0
BRDA:607,45,1,0
BRDA:608,46,0,0
BRDA:608,46,1,0
BRF:92
BRH:6
end_of_record
TN:
SF:services\DatabaseService.js
FN:13,(anonymous_0)
FN:32,(anonymous_1)
FN:42,(anonymous_2)
FN:64,(anonymous_3)
FN:123,(anonymous_4)
FN:195,(anonymous_5)
FN:222,(anonymous_6)
FN:228,(anonymous_7)
FN:238,(anonymous_8)
FN:252,(anonymous_9)
FN:263,(anonymous_10)
FN:267,(anonymous_11)
FN:282,(anonymous_12)
FN:299,(anonymous_13)
FN:346,(anonymous_14)
FN:350,(anonymous_15)
FN:357,(anonymous_16)
FN:367,(anonymous_17)
FN:383,(anonymous_18)
FN:390,(anonymous_19)
FN:409,(anonymous_20)
FNF:21
FNH:6
FNDA:0,(anonymous_0)
FNDA:0,(anonymous_1)
FNDA:0,(anonymous_2)
FNDA:4,(anonymous_3)
FNDA:26,(anonymous_4)
FNDA:9,(anonymous_5)
FNDA:10,(anonymous_6)
FNDA:10,(anonymous_7)
FNDA:4,(anonymous_8)
FNDA:0,(anonymous_9)
FNDA:0,(anonymous_10)
FNDA:0,(anonymous_11)
FNDA:0,(anonymous_12)
FNDA:0,(anonymous_13)
FNDA:0,(anonymous_14)
FNDA:0,(anonymous_15)
FNDA:0,(anonymous_16)
FNDA:0,(anonymous_17)
FNDA:0,(anonymous_18)
FNDA:0,(anonymous_19)
FNDA:0,(anonymous_20)
DA:6,2
DA:7,2
DA:14,0
DA:15,0
DA:16,0
DA:23,0
DA:25,0
DA:26,0
DA:27,0
DA:29,0
DA:30,0
DA:31,0
DA:32,0
DA:33,0
DA:34,0
DA:39,0
DA:40,0
DA:41,0
DA:42,0
DA:43,0
DA:47,0
DA:48,0
DA:51,0
DA:54,0
DA:56,0
DA:57,0
DA:65,4
DA:67,4
DA:68,4
DA:69,1
DA:72,3
DA:75,3
DA:76,3
DA:77,3
DA:80,3
DA:88,3
DA:89,3
DA:90,1
DA:91,1
DA:101,2
DA:110,1
DA:116,1
DA:124,26
DA:127,26
DA:128,5
DA:135,21
DA:136,3
DA:143,18
DA:151,18
DA:152,384
DA:153,9
DA:161,9
DA:162,3
DA:169,6
DA:170,6
DA:172,6
DA:173,6
DA:174,1
DA:182,5
DA:183,1
DA:189,4
DA:196,9
DA:199,9
DA:200,1
DA:208,8
DA:209,2
DA:212,8
DA:213,0
DA:216,8
DA:223,10
DA:226,10
DA:227,10
DA:228,10
DA:229,10
DA:230,10
DA:231,10
DA:236,10
DA:237,10
DA:238,3
DA:239,4
DA:240,4
DA:241,3
DA:246,10
DA:253,0
DA:254,0
DA:255,0
DA:263,0
DA:264,0
DA:266,0
DA:267,0
DA:268,0
DA:272,0
DA:274,0
DA:275,0
DA:283,0
DA:284,0
DA:285,0
DA:290,0
DA:291,0
DA:294,0
DA:297,0
DA:298,0
DA:299,0
DA:300,0
DA:303,0
DA:304,0
DA:309,0
DA:312,0
DA:315,0
DA:320,0
DA:329,0
DA:332,0
DA:333,0
DA:339,0
DA:347,0
DA:350,0
DA:351,0
DA:352,0
DA:353,0
DA:357,0
DA:358,0
DA:361,0
DA:368,0
DA:369,0
DA:372,0
DA:382,0
DA:383,0
DA:384,0
DA:388,0
DA:390,0
DA:398,0
DA:399,0
DA:410,0
DA:416,0
DA:417,0
DA:418,0
DA:419,0
DA:420,0
DA:421,0
DA:425,0
DA:426,0
DA:430,0
DA:431,0
DA:432,0
DA:435,0
DA:439,2
LF:146
LH:59
BRDA:29,0,0,0
BRDA:29,0,1,0
BRDA:33,1,0,0
BRDA:33,1,1,0
BRDA:33,2,0,0
BRDA:33,2,1,0
BRDA:39,3,0,0
BRDA:39,3,1,0
BRDA:47,4,0,0
BRDA:47,4,1,0
BRDA:68,5,0,1
BRDA:68,5,1,3
BRDA:84,6,0,3
BRDA:84,6,1,0
BRDA:89,7,0,1
BRDA:89,7,1,2
BRDA:89,8,0,3
BRDA:89,8,1,3
BRDA:104,9,0,2
BRDA:104,9,1,0
BRDA:127,10,0,5
BRDA:127,10,1,21
BRDA:135,11,0,3
BRDA:135,11,1,18
BRDA:152,12,0,9
BRDA:152,12,1,375
BRDA:161,13,0,3
BRDA:161,13,1,6
BRDA:173,14,0,1
BRDA:173,14,1,5
BRDA:182,15,0,1
BRDA:182,15,1,4
BRDA:199,16,0,1
BRDA:199,16,1,8
BRDA:208,17,0,2
BRDA:208,17,1,6
BRDA:212,18,0,0
BRDA:212,18,1,8
BRDA:227,19,0,10
BRDA:227,19,1,0
BRDA:230,20,0,10
BRDA:230,20,1,0
BRDA:237,21,0,3
BRDA:237,21,1,7
BRDA:240,22,0,3
BRDA:240,22,1,1
BRDA:264,23,0,0
BRDA:264,23,1,0
BRDA:268,24,0,0
BRDA:268,24,1,0
BRDA:290,25,0,0
BRDA:290,25,1,0
BRDA:297,26,0,0
BRDA:297,26,1,0
BRDA:300,27,0,0
BRDA:300,27,1,0
BRDA:303,28,0,0
BRDA:303,28,1,0
BRDA:350,29,0,0
BRDA:350,29,1,0
BRDA:352,30,0,0
BRDA:352,30,1,0
BRDA:358,31,0,0
BRDA:358,31,1,0
BRDA:358,32,0,0
BRDA:358,32,1,0
BRDA:384,33,0,0
BRDA:384,33,1,0
BRDA:393,34,0,0
BRDA:393,34,1,0
BRDA:416,35,0,0
BRDA:416,35,1,0
BRDA:419,36,0,0
BRDA:419,36,1,0
BRDA:425,37,0,0
BRDA:425,37,1,0
BRDA:431,38,0,0
BRDA:431,38,1,0
BRDA:431,39,0,0
BRDA:431,39,1,0
BRF:80
BRH:31
end_of_record
TN:
SF:utils\encryption.js
FN:18,(anonymous_0)
FN:38,(anonymous_1)
FN:63,(anonymous_2)
FN:95,(anonymous_3)
FN:113,(anonymous_4)
FN:122,(anonymous_5)
FN:132,(anonymous_6)
FN:150,(anonymous_7)
FN:160,(anonymous_8)
FNF:9
FNH:9
FNDA:28,(anonymous_0)
FNDA:14,(anonymous_1)
FNDA:15,(anonymous_2)
FNDA:5,(anonymous_3)
FNDA:5,(anonymous_4)
FNDA:5,(anonymous_5)
FNDA:7,(anonymous_6)
FNDA:3,(anonymous_7)
FNDA:3,(anonymous_8)
DA:6,2
DA:8,2
DA:9,2
DA:10,2
DA:11,2
DA:12,2
DA:19,28
DA:21,28
DA:22,1
DA:25,27
DA:26,1
DA:30,26
DA:39,14
DA:40,14
DA:42,12
DA:43,12
DA:44,12
DA:46,12
DA:47,12
DA:49,12
DA:52,12
DA:54,0
DA:64,15
DA:65,15
DA:67,13
DA:68,13
DA:70,13
DA:71,1
DA:74,12
DA:75,12
DA:76,12
DA:78,12
DA:79,11
DA:81,11
DA:82,11
DA:84,9
DA:86,4
DA:96,5
DA:97,3
DA:101,2
DA:102,2
DA:103,2
DA:105,2
DA:114,5
DA:123,5
DA:133,7
DA:135,4
DA:136,4
DA:138,4
DA:139,2
DA:142,2
DA:151,3
DA:152,3
DA:161,3
DA:162,3
DA:166,2
LF:56
LH:55
BRDA:21,0,0,1
BRDA:21,0,1,27
BRDA:25,1,0,1
BRDA:25,1,1,26
BRDA:40,2,0,2
BRDA:40,2,1,12
BRDA:65,3,0,2
BRDA:65,3,1,13
BRDA:70,4,0,1
BRDA:70,4,1,12
BRDA:96,5,0,3
BRDA:96,5,1,2
BRDA:96,6,0,5
BRDA:96,6,1,3
BRDA:122,7,0,3
BRDA:133,8,0,3
BRDA:133,8,1,4
BRDA:133,9,0,7
BRDA:133,9,1,5
BRDA:138,10,0,2
BRDA:138,10,1,2
BRF:21
BRH:21
end_of_record
